<?xml version="1.0" encoding="UTF-8"?>
<!-- Generated by org.testng.reporters.JUnitReportReporter -->
<testsuite hostname="DESKTOP-PCILIN2" failures="0" tests="3" name="Swag.Main" time="9.641" errors="0" timestamp="2022-05-05T11:14:17 IST" skipped="0">
  <testcase classname="Swag.Main" name="setup" time="8.867"/>
  <system-out/>
  <testcase classname="Swag.Main" name="login" time="0.543"/>
  <system-out/>
  <testcase classname="Swag.Main" name="close" time="0.231"/>
  <system-out/>
</testsuite> <!-- Swag.Main -->
