<?xml version="1.0" encoding="UTF-8"?>
<!-- Generated by org.testng.reporters.JUnitReportReporter -->
<testsuite hostname="DESKTOP-PCILIN2" failures="0" tests="3" name="Swag.Main" time="68.182" errors="0" timestamp="2022-05-08T20:20:18 IST" skipped="0">
  <testcase classname="Swag.Main" name="setup" time="57.835"/>
  <system-out/>
  <testcase classname="Swag.Main" name="close" time="5.601"/>
  <system-out/>
  <testcase classname="Swag.Main" name="login" time="4.746"/>
  <system-out/>
</testsuite> <!-- Swag.Main -->
